<?xml version="1.0" encoding="UTF-8"?>
<testng-results ignored="0" total="2" passed="2" failed="0" skipped="0">
  <reporter-output>
  </reporter-output>
  <suite started-at="2022-03-24T15:10:51 IST" name="Default suite" finished-at="2022-03-24T15:12:22 IST" duration-ms="90756">
    <groups>
    </groups>
    <test started-at="2022-03-24T15:10:51 IST" name="Default test" finished-at="2022-03-24T15:12:22 IST" duration-ms="90756">
      <class name="Testng.testing.DataTest">
        <test-method signature="test(java.lang.String,java.lang.String)[pri:0, instance:Testng.testing.DataTest@3d1cfad4]" started-at="2022-03-24T15:10:51 IST" name="test" data-provider="dp" finished-at="2022-03-24T15:11:40 IST" duration-ms="48844" status="PASS">
          <params>
            <param index="0">
              <value>
                <![CDATA[https://www.google.co.in/]]>
              </value>
            </param>
            <param index="1">
              <value>
                <![CDATA[amazon]]>
              </value>
            </param>
          </params>
          <reporter-output>
          </reporter-output>
        </test-method> <!-- test -->
        <test-method signature="test(java.lang.String,java.lang.String)[pri:0, instance:Testng.testing.DataTest@3d1cfad4]" started-at="2022-03-24T15:11:40 IST" name="test" data-provider="dp" finished-at="2022-03-24T15:12:22 IST" duration-ms="41812" status="PASS">
          <params>
            <param index="0">
              <value>
                <![CDATA[https://www.google.co.in/]]>
              </value>
            </param>
            <param index="1">
              <value>
                <![CDATA[simplilearn]]>
              </value>
            </param>
          </params>
          <reporter-output>
          </reporter-output>
        </test-method> <!-- test -->
      </class> <!-- Testng.testing.DataTest -->
    </test> <!-- Default test -->
  </suite> <!-- Default suite -->
</testng-results>
